<?xml version="1.0" encoding="UTF-8"?>
<!-- Generated by org.testng.reporters.JUnitReportReporter -->
<testsuite skipped="0" hostname="Amol-PC" name="com.application.scenarios.TC01_SanityTest" tests="1" failures="0" timestamp="14 May 2018 06:32:09 GMT" time="109.994" errors="0">
  <testcase name="sanity" time="109.994" classname="com.application.scenarios.TC01_SanityTest"/>
</testsuite> <!-- com.application.scenarios.TC01_SanityTest -->
